Info: [127205813]:  CMPPF_149: Added 'ADLIB:ICB_CLKINT' instance type before pin 'CLOCKS_AND_RESETS_inst_0/PF_CCC_ADC_0/PF_CCC_ADC_0/clkint_0:A'.
Info: [127205813]:  CMPPF_149: Added 'ADLIB:CRN_INT' instance type before pin 'CLOCKS_AND_RESETS_inst_0/PF_CCC_ADC_0/PF_CCC_ADC_0/pll_inst_0:REF_CLK_0'.
Info: [127205813]:  CMPPF_149: Added 'ADLIB:ICB_CLKINT' instance type before pin 'CLOCKS_AND_RESETS_inst_0/OSCILLATOR_160MHz_inst_0/OSCILLATOR_160MHz_0/I_OSC_160_INT:A'.
Info: [127205813]:  CMPPF_149: Added 'ADLIB:ICB_CLKINT' instance type before pin 'CLOCKS_AND_RESETS_inst_0/GLITCHLESS_MUX_inst_0/GLITCHLESS_MUX_0/I_CLKINT:A'.
Info: [127205813]:  CMPPF_149: Added 'ADLIB:ICB_INT' instance type before pin 'CLOCKS_AND_RESETS_inst_0/GLITCHLESS_MUX_inst_0/GLITCHLESS_MUX_0/I_NGMUX:CLK1'.
Info: [127205813]:  CMPPF_149: Added 'ADLIB:ICB_CLKINT' instance type before pin 'CLOCKS_AND_RESETS_inst_0/FPGA_CCC_C0_0/FPGA_CCC_C0_0/clkint_0:A'.
Info: [127205813]:  CMPPF_149: Added 'ADLIB:ICB_CLKINT' instance type before pin 'CLOCKS_AND_RESETS_inst_0/FPGA_CCC_C0_0/FPGA_CCC_C0_0/clkint_4:A'.
Info: [127205813]:  CMPPF_149: Added 'ADLIB:ICB_CLKINT' instance type before pin 'CLOCKS_AND_RESETS_inst_0/FPGA_CCC_C0_0/FPGA_CCC_C0_0/clkint_8:A'.
Info: [127205813]:  CMPPF_149: Added 'ADLIB:ICB_CLKINT' instance type before pin 'CLOCKS_AND_RESETS_inst_0/FPGA_CCC_C0_0/FPGA_CCC_C0_0/clkint_12:A'.
Info: [127205813]:  CMPPF_149: Added 'ADLIB:CRN_INT' instance type before pin 'CLOCKS_AND_RESETS_inst_0/FPGA_CCC_C0_0/FPGA_CCC_C0_0/pll_inst_0:REF_CLK_0'.

===============================================================================.

Info: Global design data:
      Total globals:                       10
      Globals that cannot be demoted:      7
      Globals considered for demotion:     3


Info: List of globals that cannot be demoted:
    CLK    ASYN   DATA   Instance Name
    ---    ----   ----   -------------
    4448   0      0      'CLOCKS_AND_RESETS_inst_0/FPGA_CCC_C0_0/FPGA_CCC_C0_0/clkint_12'
    2170   0      0      'CLOCKS_AND_RESETS_inst_0/FPGA_CCC_C0_0/FPGA_CCC_C0_0/clkint_4'
    17     0      0      'CLOCKS_AND_RESETS_inst_0/FPGA_CCC_C0_0/FPGA_CCC_C0_0/clkint_0'
    1      0      0      'CLOCKS_AND_RESETS_inst_0/FPGA_CCC_C0_0/FPGA_CCC_C0_0/clkint_8'
    1      0      0      'CLOCKS_AND_RESETS_inst_0/GLITCHLESS_MUX_inst_0/GLITCHLESS_MUX_0/I_CLKINT'
    0      0      2      'CLOCKS_AND_RESETS_inst_0/OSCILLATOR_160MHz_inst_0/OSCILLATOR_160MHz_0/I_OSC_160_INT'
    0      0      1      'CLOCKS_AND_RESETS_inst_0/PF_CCC_ADC_0/PF_CCC_ADC_0/clkint_0'

Info: List of globals considered for demotion:
    CLK    ASYN   DATA   Instance Name
    ---    ----   ----   -------------
    0      1517   0      'CLOCKS_AND_RESETS_inst_0/FIC_3_RESET_0/CORERESET_0/dff_15_rep_RNI7PT4'
    0      1112   0      'M2_INTERFACE_0/FIC1_INITIATOR/FIC_1_INITIATOR_0/arst_aclk_sync/sysReset_RNI0DTB'
    0      1020   0      'M2_INTERFACE_0/PCIE_INITIATOR_inst_0/PCIE_INITIATOR_0/arst_aclk_sync/sysReset_RNI0DTB'

Info: Demotion information:
Info: [127205381]:  CMPPF_302: Added 0 row global instances.
Info: [127205382]:  CMPPF_303: Deleted 0 global instances.

===============================================================================.

