********************************************************************
I/O Bank Report - Date: Mon Mar 17 14:07:20 2025
Product: Designer
Release: v2023.2
Version: 2023.2.0.8
Design Name: DEFAULT_6BA5ED31DBDDB144872513
Family: PolarFireSoC
Die: MPFS025T
Package: FCVG484
********************************************************************


I/O Function:

    Type                                  | w/o register  | w/ register  | w/ DDR register
    --------------------------------------|---------------|--------------|----------------
    Input I/O                             | 8             | 0            | 0
    Output I/O                            | 22            | 0            | 0
    Bidirectional I/O                     | 51            | 0            | 0
    Differential Input I/O Pairs          | 0             | 0            | 0
    Differential Output I/O Pairs         | 0             | 0            | 0

I/O Technology:

                                    |   Voltages    |             I/Os              
    --------------------------------|-------|-------|-------|--------|--------------
    I/O Standard(s)                 | Vddi  | Vref  | Input | Output | Bidirectional
    --------------------------------|-------|-------|-------|--------|--------------
    LVCMOS18                        | 1.80v | N/A   | 3     | 10     | 20           
    LVCMOS33                        | 3.30v | N/A   | 5     | 12     | 31           

I/O Bank Resource Usage:

          |   Voltages    | Single I/Os  | Diff I/O Pairs |        Vref I/Os        |  Type   
          |-------|-------|------|-------|-------|--------|------|-------|----------|---------
          | Vddi  | Vref  | Used | Total | Used  | Total  | Used | Total | Vref Pins|         
    ------|-------|-------|------|-------|-------|--------|------|-------|----------|---------
    Bank0 | 1.80v | N/A   | 33   | 60    | 0     | 30     | N/A  | N/A   | N/A      | HSIO    
    Bank1 | 3.30v | N/A   | 48   | 48    | 0     | 24     | N/A  | N/A   | N/A      | GPIO    
    Bank2 | 3.30v | N/A   | 0    | 24    | 0     | 0      | N/A  | N/A   | N/A      | MSS_IO  
    Bank3 | 3.30v | N/A   | 0    | 0     | 0     | 0      | N/A  | N/A   | N/A      | JTAG    
    Bank4 | 1.80v | N/A   | 0    | 14    | 0     | 0      | N/A  | N/A   | N/A      | MSS_IO  
    Bank5 | 3.30v | N/A   | 0    | 10    | 0     | 0      | N/A  | N/A   | N/A      | MSS_SGMII_IO
    Bank6 | 1.10v | 0.55v | 0    | 88    | 0     | 0      | 0    | 88    | 0        | MSS_DDR_IO
    Bank7 | N/A   | N/A   | 0    | 0     | 0     | 0      | N/A  | N/A   | N/A      | GPIO    
    Bank8 | N/A   | N/A   | 0    | 0     | 0     | 0      | N/A  | N/A   | N/A      | HSIO    
    Bank9 | N/A   | N/A   | 0    | 0     | 0     | 0      | N/A  | N/A   | N/A      | GPIO    


I/O Voltage Usage:

       Voltages    |     I/Os     
    -------|-------|------|-------
     Vddi  | Vref  | Used | Total 
    -------|-------|------|-------
     1.10v | N/A   | 0    | 88    
     1.80v | N/A   | 33   | 74    
     3.30v | N/A   | 48   | 82    
     1.10v | 0.55v | 0    | 88    

