Synplify Pro (R) Job Log
Date: 14:02:45    17-mar-2025
Install Directory: /home/arthur/Microchip/Libero_SoC_v2023.2/SynplifyPro

JobFlow: synthesis
   Run Start Time: 14:01:29
   Runtime: 01m:16s
   Executable Run Time: 75 - (Sum of all child executables)
   Current Working Directory: /home/arthur/Desktop/projects_gnss/beaglevfire-gnss/work/libero/synthesis

   JobFlow: synthesis
      Run Start Time: 14:01:29
      Runtime: 01m:16s
      Executable Run Time: 75 - (Sum of all child executables)

      JobFlow: compile
         Run Start Time: 14:01:29
         Runtime: 24s
         Executable Run Time: 23 - (Sum of all child executables)

         JobFlow: compile_flow
            Run Start Time: 14:01:29
            Runtime: 10s
            Executable Run Time: 9 - (Sum of all child executables)

            Job: compiler
               executable: bin/c_hdl
               Run Directory: /home/arthur/Desktop/projects_gnss/beaglevfire-gnss/work/libero/synthesis
               Run State: complete
               Return Code: 0
               Has Errors: no
               Run Start Time: 14:01:29
               Run Time: 08s
               Executable Run Time: 7 - (Executable run time excluding UI processing)
               Memory Usage: 2.896 MB
               Up-to-date (run skipped): no
               CDPL: off

            Job: multi_srs_gen
               executable: bin/syn_nfilter
               Run Directory: /home/arthur/Desktop/projects_gnss/beaglevfire-gnss/work/libero/synthesis
               Run State: complete
               Return Code: 0
               Has Errors: no
               Run Start Time: 14:01:37
               Run Time: 02s
               Executable Run Time: 2 - (Executable run time excluding UI processing)
               Memory Usage: 2.896 MB
               Up-to-date (run skipped): no
               CDPL: off

         Job: premap
            executable: bin/m_generic
            Run Directory: /home/arthur/Desktop/projects_gnss/beaglevfire-gnss/work/libero/synthesis
            Run State: complete
            Return Code: 1
            Has Errors: no
            Run Start Time: 14:01:39
            Run Time: 14s
            Executable Run Time: 14 - (Executable run time excluding UI processing)
            Memory Usage: 2.9 MB
            Up-to-date (run skipped): no
            CDPL: off

      JobFlow: map
         Run Start Time: 14:01:53
         Runtime: 52s
         Executable Run Time: 52 - (Sum of all child executables)

         Job: fpga_mapper
            executable: bin/m_generic
            Run Directory: /home/arthur/Desktop/projects_gnss/beaglevfire-gnss/work/libero/synthesis
            Run State: complete
            Return Code: 1
            Has Errors: no
            Run Start Time: 14:01:53
            Run Time: 52s
            Executable Run Time: 52 - (Executable run time excluding UI processing)
            Memory Usage: 2.9 MB
            Up-to-date (run skipped): no
            CDPL: off
