
                               Synplify Pro (R) 

              Version T-2022.09M-SP2-1 for linux64 - Jun 27, 2023 

                    Copyright (c) 1988 - 2023 Synopsys, Inc.
   This software and the associated documentation are proprietary to Synopsys,
 Inc. This software may only be used in accordance with the terms and conditions
 of a written license agreement with Synopsys, Inc. All other use, reproduction,
   or distribution of this software is strictly prohibited.  Licensed Products
     communicate with Synopsys servers for the purpose of providing software
    updates, detecting software piracy and verifying that customers are using
    Licensed Products in conformity with the applicable License Key for such
  Licensed Products. Synopsys will use information gathered in connection with
    this process to deliver software updates and pursue software pirates and
                                   infringers.

 Inclusivity & Diversity - Visit SolvNetPlus to read the "Synopsys Statement on
            Inclusivity and Diversity" (Refer to article 000036315 at
                        https://solvnetplus.synopsys.com)

Starting:    /home/arthur/Microchip/Libero_SoC_v2023.2/SynplifyPro/linux_a_64/mbin/synbatch
Install:     /home/arthur/Microchip/Libero_SoC_v2023.2/SynplifyPro
Hostname:    arthur
Date:        Mon Mar 17 14:01:26 2025
Version:     T-2022.09M-SP2-1

Arguments:   -product synplify_pro -licensetype synplifypro_actel -batch -log synplify.log DEFAULT_6BA5ED31DBDDB144872513_syn.tcl
ProductType: synplify_pro

License checkout: synplifypro_actel
License: synplifypro_actel from server localhost 
Licensed Vendor: actel
License Option: actel_oem

Running in Vendor Mode

Implementation not found: synthesis
log file: "/home/arthur/Desktop/projects_gnss/beaglevfire-gnss/work/libero/synthesis/DEFAULT_6BA5ED31DBDDB144872513.srr"
Running: synthesis in foreground

Running DEFAULT_6BA5ED31DBDDB144872513_syn|synthesis

Running Flow: compile (Compile) on DEFAULT_6BA5ED31DBDDB144872513_syn|synthesis
# Mon Mar 17 14:01:29 2025

Running Flow: compile_flow (Compile Process) on DEFAULT_6BA5ED31DBDDB144872513_syn|synthesis
# Mon Mar 17 14:01:29 2025

Running: compiler (Compile Input) on DEFAULT_6BA5ED31DBDDB144872513_syn|synthesis
# Mon Mar 17 14:01:29 2025
Process ID: 19231
Copied /home/arthur/Desktop/projects_gnss/beaglevfire-gnss/work/libero/synthesis/synwork/DEFAULT_6BA5ED31DBDDB144872513_comp.srs to /home/arthur/Desktop/projects_gnss/beaglevfire-gnss/work/libero/synthesis/DEFAULT_6BA5ED31DBDDB144872513.srs

compiler completed
# Mon Mar 17 14:01:37 2025

Return Code: 0
Run Time:00h:00m:07s

Running: multi_srs_gen (Multi-srs Generator) on DEFAULT_6BA5ED31DBDDB144872513_syn|synthesis
# Mon Mar 17 14:01:37 2025
Process ID: 19281

multi_srs_gen completed
# Mon Mar 17 14:01:39 2025

Return Code: 0
Run Time:00h:00m:02s
Copied /home/arthur/Desktop/projects_gnss/beaglevfire-gnss/work/libero/synthesis/synwork/DEFAULT_6BA5ED31DBDDB144872513_mult.srs to /home/arthur/Desktop/projects_gnss/beaglevfire-gnss/work/libero/synthesis/DEFAULT_6BA5ED31DBDDB144872513.srs
Complete: Compile Process on DEFAULT_6BA5ED31DBDDB144872513_syn|synthesis

Running: premap (Premap) on DEFAULT_6BA5ED31DBDDB144872513_syn|synthesis
# Mon Mar 17 14:01:39 2025
Process ID: 19297

premap completed with warnings
# Mon Mar 17 14:01:53 2025

Return Code: 1
Run Time:00h:00m:14s
Complete: Compile on DEFAULT_6BA5ED31DBDDB144872513_syn|synthesis

Running Flow: map (Map) on DEFAULT_6BA5ED31DBDDB144872513_syn|synthesis
# Mon Mar 17 14:01:53 2025
License granted for 4 parallel jobs

Running: fpga_mapper (Map & Optimize) on DEFAULT_6BA5ED31DBDDB144872513_syn|synthesis
# Mon Mar 17 14:01:53 2025
Process ID: 19313
Copied /home/arthur/Desktop/projects_gnss/beaglevfire-gnss/work/libero/synthesis/synwork/DEFAULT_6BA5ED31DBDDB144872513_m.srm to /home/arthur/Desktop/projects_gnss/beaglevfire-gnss/work/libero/synthesis/DEFAULT_6BA5ED31DBDDB144872513.srm

fpga_mapper completed with warnings
# Mon Mar 17 14:02:45 2025

Return Code: 1
Run Time:00h:00m:52s
Complete: Map on DEFAULT_6BA5ED31DBDDB144872513_syn|synthesis
Complete: Logic Synthesis on DEFAULT_6BA5ED31DBDDB144872513_syn|synthesis
Copied /home/arthur/Desktop/projects_gnss/beaglevfire-gnss/work/libero/synthesis/DEFAULT_6BA5ED31DBDDB144872513.srr to /home/arthur/Desktop/projects_gnss/beaglevfire-gnss/work/libero/synthesis/backup/DEFAULT_6BA5ED31DBDDB144872513.srr
TCL script complete: "DEFAULT_6BA5ED31DBDDB144872513_syn.tcl"
exit status=0
exit status=0
License checkin: synplifypro_actel
